<?xml version="1.0" encoding="UTF-8"?>
<!-- Generated by org.testng.reporters.JUnitReportReporter -->
<testsuite hostname="Dell-PC" name="browser.CreateProject" tests="3" failures="0" timestamp="25 Jul 2019 04:45:04 GMT" time="0.017" errors="0">
  <testcase name="modifycustoerTest" time="0.002" classname="browser.CreateProject"/>
  <testcase name="deletecustomerTest" time="0.002" classname="browser.CreateProject"/>
  <testcase name="createcustomerTest" time="0.013" classname="browser.CreateProject"/>
</testsuite> <!-- browser.CreateProject -->
