<?xml version="1.0" encoding="UTF-8"?>
<!-- Generated by org.testng.reporters.JUnitReportReporter -->
<testsuite hostname="Dell-PC" name="browser.CreateProjectTest" tests="1" failures="0" timestamp="25 Jul 2019 04:41:59 GMT" time="0.017" errors="0">
  <testcase name="createcustomerTest" time="0.017" classname="browser.CreateProjectTest"/>
</testsuite> <!-- browser.CreateProjectTest -->
